[debug] [2021-02-26T03:49:03.402Z] ----------------------------------------------------------------------
[debug] [2021-02-26T03:49:03.403Z] Command:       C:\Program Files\nodejs\node.exe C:\Users\jdgam\AppData\Roaming\npm\node_modules\firebase-tools\lib\bin\firebase.js init
[debug] [2021-02-26T03:49:03.404Z] CLI Version:   9.5.0
[debug] [2021-02-26T03:49:03.404Z] Platform:      win32
[debug] [2021-02-26T03:49:03.404Z] Node Version:  v14.15.1
[debug] [2021-02-26T03:49:03.405Z] Time:          Thu Feb 25 2021 21:49:03 GMT-0600 (Central Standard Time)
[debug] [2021-02-26T03:49:03.405Z] ----------------------------------------------------------------------
[debug] [2021-02-26T03:49:03.405Z] 
[debug] [2021-02-26T03:49:03.407Z] >>> [apiv2][query] GET https://firebase-public.firebaseio.com/cli.json [none]
[debug] [2021-02-26T03:49:03.421Z] > command requires scopes: ["email","openid","https://www.googleapis.com/auth/cloudplatformprojects.readonly","https://www.googleapis.com/auth/firebase","https://www.googleapis.com/auth/cloud-platform"]
[debug] [2021-02-26T03:49:03.421Z] > authorizing via signed-in user
[info] 
     ######## #### ########  ######## ########     ###     ######  ########
     ##        ##  ##     ## ##       ##     ##  ##   ##  ##       ##
     ######    ##  ########  ######   ########  #########  ######  ######
     ##        ##  ##    ##  ##       ##     ## ##     ##       ## ##
     ##       #### ##     ## ######## ########  ##     ##  ######  ########

You're about to initialize a Firebase project in this directory:

  C:\web projects\sapper-urql-ssr

Before we get started, keep in mind:

  * You are currently outside your home directory

[debug] [2021-02-26T03:49:03.689Z] <<< [apiv2][status] GET https://firebase-public.firebaseio.com/cli.json 200
[debug] [2021-02-26T03:49:03.689Z] <<< [apiv2][body] GET https://firebase-public.firebaseio.com/cli.json {"cloudBuildErrorAfter":1594252800000,"cloudBuildWarnAfter":1590019200000,"defaultNode10After":1594252800000,"minVersion":"3.0.5","node8DeploysDisabledAfter":1613390400000,"node8RuntimeDisabledAfter":1615809600000,"node8WarnAfter":1600128000000}
